<?xml version="1.0" encoding="UTF-8"?>
<coverage generated="1593624672534" clover="3.2.0">
  <project timestamp="1593624672534" name="All files">
    <metrics statements="79" coveredstatements="71" conditionals="36" coveredconditionals="32" methods="32" coveredmethods="29" elements="147" coveredelements="132" complexity="0" loc="79" ncloc="79" packages="5" files="8" classes="8"/>
    <package name="Interface.Http">
      <metrics statements="8" coveredstatements="8" conditionals="2" coveredconditionals="2" methods="3" coveredmethods="3"/>
      <file name="TaskAPI.ts" path="/Users/vincent/Documents/Vincent/TypeScript/todo-core/src/Interface/Http/TaskAPI.ts">
        <metrics statements="8" coveredstatements="8" conditionals="2" coveredconditionals="2" methods="3" coveredmethods="3"/>
        <line num="1" count="1" type="stmt"/>
        <line num="6" count="1" type="stmt"/>
        <line num="8" count="1" type="stmt"/>
        <line num="11" count="6" type="cond" truecount="2" falsecount="0"/>
        <line num="12" count="1" type="stmt"/>
        <line num="14" count="6" type="stmt"/>
        <line num="17" count="10" type="stmt"/>
        <line num="29" count="10" type="stmt"/>
      </file>
    </package>
    <package name="Interface.Memory">
      <metrics statements="20" coveredstatements="18" conditionals="8" coveredconditionals="8" methods="11" coveredmethods="9"/>
      <file name="TaskLiskRepository.ts" path="/Users/vincent/Documents/Vincent/TypeScript/todo-core/src/Interface/Memory/TaskLiskRepository.ts">
        <metrics statements="15" coveredstatements="13" conditionals="6" coveredconditionals="6" methods="10" coveredmethods="8"/>
        <line num="3" count="1" type="stmt"/>
        <line num="4" count="12" type="stmt"/>
        <line num="6" count="2" type="stmt"/>
        <line num="7" count="2" type="cond" truecount="2" falsecount="0"/>
        <line num="10" count="9" type="stmt"/>
        <line num="11" count="9" type="stmt"/>
        <line num="14" count="2" type="stmt"/>
        <line num="15" count="2" type="cond" truecount="2" falsecount="0"/>
        <line num="16" count="1" type="stmt"/>
        <line num="20" count="2" type="stmt"/>
        <line num="21" count="2" type="cond" truecount="2" falsecount="0"/>
        <line num="22" count="1" type="stmt"/>
        <line num="24" count="2" type="stmt"/>
        <line num="27" count="0" type="stmt"/>
        <line num="30" count="0" type="stmt"/>
      </file>
      <file name="TaskRepository.ts" path="/Users/vincent/Documents/Vincent/TypeScript/todo-core/src/Interface/Memory/TaskRepository.ts">
        <metrics statements="5" coveredstatements="5" conditionals="2" coveredconditionals="2" methods="1" coveredmethods="1"/>
        <line num="1" count="1" type="stmt"/>
        <line num="10" count="1" type="stmt"/>
        <line num="17" count="10" type="cond" truecount="2" falsecount="0"/>
        <line num="19" count="3" type="stmt"/>
        <line num="21" count="7" type="stmt"/>
      </file>
    </package>
    <package name="Interface.Services">
      <metrics statements="8" coveredstatements="2" conditionals="2" coveredconditionals="0" methods="2" coveredmethods="1"/>
      <file name="TaskTransfer.ts" path="/Users/vincent/Documents/Vincent/TypeScript/todo-core/src/Interface/Services/TaskTransfer.ts">
        <metrics statements="8" coveredstatements="2" conditionals="2" coveredconditionals="0" methods="2" coveredmethods="1"/>
        <line num="5" count="1" type="stmt"/>
        <line num="6" count="6" type="stmt"/>
        <line num="16" count="0" type="stmt"/>
        <line num="17" count="0" type="stmt"/>
        <line num="19" count="0" type="cond" truecount="0" falsecount="2"/>
        <line num="21" count="0" type="stmt"/>
        <line num="22" count="0" type="stmt"/>
        <line num="23" count="0" type="stmt"/>
      </file>
    </package>
    <package name="UseCases">
      <metrics statements="16" coveredstatements="16" conditionals="10" coveredconditionals="8" methods="7" coveredmethods="7"/>
      <file name="ITaskListUsecase.ts" path="/Users/vincent/Documents/Vincent/TypeScript/todo-core/src/UseCases/ITaskListUsecase.ts">
        <metrics statements="6" coveredstatements="6" conditionals="0" coveredconditionals="0" methods="5" coveredmethods="5"/>
        <line num="13" count="1" type="stmt"/>
        <line num="15" count="6" type="stmt"/>
        <line num="17" count="2" type="stmt"/>
        <line num="20" count="2" type="stmt"/>
        <line num="23" count="9" type="stmt"/>
        <line num="26" count="2" type="stmt"/>
      </file>
      <file name="ITaskUsecase.ts" path="/Users/vincent/Documents/Vincent/TypeScript/todo-core/src/UseCases/ITaskUsecase.ts">
        <metrics statements="10" coveredstatements="10" conditionals="10" coveredconditionals="8" methods="2" coveredmethods="2"/>
        <line num="2" count="1" type="stmt"/>
        <line num="6" count="1" type="stmt"/>
        <line num="7" count="1" type="stmt"/>
        <line num="8" count="1" type="stmt"/>
        <line num="19" count="1" type="stmt"/>
        <line num="36" count="6" type="cond" truecount="3" falsecount="1"/>
        <line num="40" count="6" type="cond" truecount="3" falsecount="1"/>
        <line num="48" count="10" type="stmt"/>
        <line num="49" count="10" type="stmt"/>
        <line num="50" count="10" type="stmt"/>
      </file>
    </package>
    <package name="core.Entities">
      <metrics statements="27" coveredstatements="27" conditionals="14" coveredconditionals="14" methods="9" coveredmethods="9"/>
      <file name="ICustomer.ts" path="/Users/vincent/Documents/Vincent/TypeScript/todo-core/src/core/Entities/ICustomer.ts">
        <metrics statements="6" coveredstatements="6" conditionals="8" coveredconditionals="8" methods="1" coveredmethods="1"/>
        <line num="26" count="2" type="stmt"/>
        <line num="27" count="3" type="stmt"/>
        <line num="28" count="3" type="stmt"/>
        <line num="35" count="3" type="stmt"/>
        <line num="36" count="3" type="cond" truecount="4" falsecount="0"/>
        <line num="37" count="3" type="cond" truecount="4" falsecount="0"/>
      </file>
      <file name="ITaskItem.ts" path="/Users/vincent/Documents/Vincent/TypeScript/todo-core/src/core/Entities/ITaskItem.ts">
        <metrics statements="21" coveredstatements="21" conditionals="6" coveredconditionals="6" methods="8" coveredmethods="8"/>
        <line num="55" count="2" type="cond" truecount="2" falsecount="0"/>
        <line num="56" count="2" type="stmt"/>
        <line num="57" count="2" type="stmt"/>
        <line num="63" count="2" type="stmt"/>
        <line num="64" count="15" type="stmt"/>
        <line num="66" count="15" type="stmt"/>
        <line num="69" count="15" type="stmt"/>
        <line num="70" count="15" type="stmt"/>
        <line num="77" count="2" type="stmt"/>
        <line num="85" count="2" type="stmt"/>
        <line num="92" count="2" type="stmt"/>
        <line num="94" count="15" type="stmt"/>
        <line num="95" count="15" type="stmt"/>
        <line num="102" count="15" type="stmt"/>
        <line num="103" count="15" type="stmt"/>
        <line num="104" count="15" type="stmt"/>
        <line num="107" count="2" type="stmt"/>
        <line num="112" count="2" type="stmt"/>
        <line num="117" count="1" type="stmt"/>
        <line num="120" count="1" type="stmt"/>
        <line num="123" count="1" type="stmt"/>
      </file>
    </package>
  </project>
</coverage>
