<?xml version="1.0" encoding="UTF-8"?>
<coverage generated="1595094782011" clover="3.2.0">
  <project timestamp="1595094782011" name="All files">
    <metrics statements="146" coveredstatements="87" conditionals="72" coveredconditionals="31" methods="59" coveredmethods="37" elements="277" coveredelements="155" complexity="0" loc="146" ncloc="146" packages="7" files="12" classes="12"/>
    <package name="Interface.Http">
      <metrics statements="8" coveredstatements="8" conditionals="2" coveredconditionals="2" methods="3" coveredmethods="3"/>
      <file name="TaskAPI.ts" path="/Users/vincent/Documents/Vincent/TypeScript/todo-core/src/Interface/Http/TaskAPI.ts">
        <metrics statements="8" coveredstatements="8" conditionals="2" coveredconditionals="2" methods="3" coveredmethods="3"/>
        <line num="1" count="2" type="stmt"/>
        <line num="6" count="2" type="stmt"/>
        <line num="8" count="2" type="stmt"/>
        <line num="11" count="7" type="cond" truecount="2" falsecount="0"/>
        <line num="12" count="2" type="stmt"/>
        <line num="14" count="7" type="stmt"/>
        <line num="17" count="10" type="stmt"/>
        <line num="29" count="10" type="stmt"/>
      </file>
    </package>
    <package name="Interface.Memory">
      <metrics statements="21" coveredstatements="21" conditionals="8" coveredconditionals="8" methods="12" coveredmethods="12"/>
      <file name="TaskLiskRepository.ts" path="/Users/vincent/Documents/Vincent/TypeScript/todo-core/src/Interface/Memory/TaskLiskRepository.ts">
        <metrics statements="18" coveredstatements="18" conditionals="8" coveredconditionals="8" methods="11" coveredmethods="11"/>
        <line num="3" count="2" type="stmt"/>
        <line num="4" count="15" type="stmt"/>
        <line num="7" count="1" type="stmt"/>
        <line num="10" count="15" type="stmt"/>
        <line num="13" count="2" type="stmt"/>
        <line num="14" count="2" type="cond" truecount="2" falsecount="0"/>
        <line num="17" count="9" type="stmt"/>
        <line num="18" count="9" type="stmt"/>
        <line num="21" count="2" type="stmt"/>
        <line num="22" count="2" type="cond" truecount="2" falsecount="0"/>
        <line num="23" count="1" type="stmt"/>
        <line num="25" count="2" type="stmt"/>
        <line num="28" count="2" type="stmt"/>
        <line num="29" count="2" type="cond" truecount="2" falsecount="0"/>
        <line num="30" count="1" type="stmt"/>
        <line num="32" count="2" type="stmt"/>
        <line num="35" count="1" type="stmt"/>
        <line num="38" count="11" type="stmt"/>
      </file>
      <file name="TaskRepository.ts" path="/Users/vincent/Documents/Vincent/TypeScript/todo-core/src/Interface/Memory/TaskRepository.ts">
        <metrics statements="3" coveredstatements="3" conditionals="0" coveredconditionals="0" methods="1" coveredmethods="1"/>
        <line num="1" count="2" type="stmt"/>
        <line num="9" count="2" type="stmt"/>
        <line num="16" count="10" type="stmt"/>
      </file>
    </package>
    <package name="Interface.Services">
      <metrics statements="6" coveredstatements="2" conditionals="2" coveredconditionals="0" methods="2" coveredmethods="1"/>
      <file name="TaskTransfer.ts" path="/Users/vincent/Documents/Vincent/TypeScript/todo-core/src/Interface/Services/TaskTransfer.ts">
        <metrics statements="6" coveredstatements="2" conditionals="2" coveredconditionals="0" methods="2" coveredmethods="1"/>
        <line num="5" count="2" type="stmt"/>
        <line num="6" count="7" type="stmt"/>
        <line num="16" count="0" type="stmt"/>
        <line num="18" count="0" type="cond" truecount="0" falsecount="2"/>
        <line num="20" count="0" type="stmt"/>
        <line num="21" count="0" type="stmt"/>
      </file>
    </package>
    <package name="UseCases">
      <metrics statements="17" coveredstatements="17" conditionals="2" coveredconditionals="2" methods="8" coveredmethods="8"/>
      <file name="ITaskListUsecase.ts" path="/Users/vincent/Documents/Vincent/TypeScript/todo-core/src/UseCases/ITaskListUsecase.ts">
        <metrics statements="6" coveredstatements="6" conditionals="0" coveredconditionals="0" methods="5" coveredmethods="5"/>
        <line num="13" count="1" type="stmt"/>
        <line num="15" count="7" type="stmt"/>
        <line num="17" count="2" type="stmt"/>
        <line num="20" count="2" type="stmt"/>
        <line num="23" count="9" type="stmt"/>
        <line num="26" count="2" type="stmt"/>
      </file>
      <file name="ITaskUsecase.ts" path="/Users/vincent/Documents/Vincent/TypeScript/todo-core/src/UseCases/ITaskUsecase.ts">
        <metrics statements="11" coveredstatements="11" conditionals="2" coveredconditionals="2" methods="3" coveredmethods="3"/>
        <line num="2" count="2" type="stmt"/>
        <line num="6" count="2" type="stmt"/>
        <line num="7" count="2" type="stmt"/>
        <line num="8" count="2" type="stmt"/>
        <line num="19" count="2" type="stmt"/>
        <line num="20" count="7" type="stmt"/>
        <line num="29" count="10" type="stmt"/>
        <line num="30" count="10" type="stmt"/>
        <line num="31" count="10" type="stmt"/>
        <line num="35" count="2" type="stmt"/>
        <line num="37" count="7" type="stmt"/>
      </file>
    </package>
    <package name="core.Entities">
      <metrics statements="31" coveredstatements="31" conditionals="16" coveredconditionals="16" methods="10" coveredmethods="10"/>
      <file name="ICustomer.ts" path="/Users/vincent/Documents/Vincent/TypeScript/todo-core/src/core/Entities/ICustomer.ts">
        <metrics statements="6" coveredstatements="6" conditionals="8" coveredconditionals="8" methods="1" coveredmethods="1"/>
        <line num="26" count="2" type="stmt"/>
        <line num="27" count="3" type="stmt"/>
        <line num="28" count="3" type="stmt"/>
        <line num="35" count="3" type="stmt"/>
        <line num="36" count="3" type="cond" truecount="4" falsecount="0"/>
        <line num="37" count="3" type="cond" truecount="4" falsecount="0"/>
      </file>
      <file name="ITaskItem.ts" path="/Users/vincent/Documents/Vincent/TypeScript/todo-core/src/core/Entities/ITaskItem.ts">
        <metrics statements="25" coveredstatements="25" conditionals="8" coveredconditionals="8" methods="9" coveredmethods="9"/>
        <line num="2" count="2" type="stmt"/>
        <line num="56" count="2" type="cond" truecount="2" falsecount="0"/>
        <line num="57" count="2" type="stmt"/>
        <line num="58" count="2" type="stmt"/>
        <line num="64" count="2" type="stmt"/>
        <line num="65" count="15" type="stmt"/>
        <line num="67" count="15" type="stmt"/>
        <line num="70" count="15" type="stmt"/>
        <line num="71" count="15" type="stmt"/>
        <line num="78" count="2" type="stmt"/>
        <line num="86" count="2" type="stmt"/>
        <line num="93" count="2" type="stmt"/>
        <line num="97" count="15" type="stmt"/>
        <line num="104" count="15" type="stmt"/>
        <line num="105" count="15" type="stmt"/>
        <line num="106" count="15" type="stmt"/>
        <line num="109" count="2" type="stmt"/>
        <line num="116" count="10" type="cond" truecount="2" falsecount="0"/>
        <line num="118" count="3" type="stmt"/>
        <line num="120" count="7" type="stmt"/>
        <line num="124" count="2" type="stmt"/>
        <line num="129" count="2" type="stmt"/>
        <line num="134" count="1" type="stmt"/>
        <line num="137" count="1" type="stmt"/>
        <line num="140" count="1" type="stmt"/>
      </file>
    </package>
    <package name="core.ValueObject">
      <metrics statements="7" coveredstatements="5" conditionals="4" coveredconditionals="3" methods="3" coveredmethods="2"/>
      <file name="FinishDate.ts" path="/Users/vincent/Documents/Vincent/TypeScript/todo-core/src/core/ValueObject/FinishDate.ts">
        <metrics statements="7" coveredstatements="5" conditionals="4" coveredconditionals="3" methods="3" coveredmethods="2"/>
        <line num="1" count="2" type="stmt"/>
        <line num="7" count="2" type="stmt"/>
        <line num="9" count="0" type="stmt"/>
        <line num="14" count="15" type="stmt"/>
        <line num="18" count="15" type="cond" truecount="3" falsecount="1"/>
        <line num="20" count="0" type="stmt"/>
        <line num="22" count="15" type="stmt"/>
      </file>
    </package>
    <package name="shared">
      <metrics statements="56" coveredstatements="3" conditionals="38" coveredconditionals="0" methods="21" coveredmethods="1"/>
      <file name="Entiry.ts" path="/Users/vincent/Documents/Vincent/TypeScript/todo-core/src/shared/Entiry.ts">
        <metrics statements="16" coveredstatements="0" conditionals="14" coveredconditionals="0" methods="5" coveredmethods="0"/>
        <line num="1" count="0" type="stmt"/>
        <line num="3" count="0" type="stmt"/>
        <line num="4" count="0" type="cond" truecount="0" falsecount="4"/>
        <line num="7" count="0" type="stmt"/>
        <line num="11" count="0" type="stmt"/>
        <line num="12" count="0" type="stmt"/>
        <line num="15" count="0" type="stmt"/>
        <line num="23" count="0" type="cond" truecount="0" falsecount="2"/>
        <line num="24" count="0" type="stmt"/>
        <line num="30" count="0" type="cond" truecount="0" falsecount="4"/>
        <line num="31" count="0" type="stmt"/>
        <line num="34" count="0" type="cond" truecount="0" falsecount="2"/>
        <line num="35" count="0" type="stmt"/>
        <line num="38" count="0" type="cond" truecount="0" falsecount="2"/>
        <line num="39" count="0" type="stmt"/>
        <line num="42" count="0" type="stmt"/>
      </file>
      <file name="Result.ts" path="/Users/vincent/Documents/Vincent/TypeScript/todo-core/src/shared/Result.ts">
        <metrics statements="32" coveredstatements="0" conditionals="18" coveredconditionals="0" methods="14" coveredmethods="0"/>
        <line num="1" count="0" type="stmt"/>
        <line num="12" count="0" type="cond" truecount="0" falsecount="4"/>
        <line num="13" count="0" type="stmt"/>
        <line num="17" count="0" type="cond" truecount="0" falsecount="4"/>
        <line num="18" count="0" type="stmt"/>
        <line num="23" count="0" type="stmt"/>
        <line num="24" count="0" type="stmt"/>
        <line num="25" count="0" type="cond" truecount="0" falsecount="2"/>
        <line num="26" count="0" type="cond" truecount="0" falsecount="2"/>
        <line num="27" count="0" type="stmt"/>
        <line num="31" count="0" type="cond" truecount="0" falsecount="2"/>
        <line num="32" count="0" type="stmt"/>
        <line num="33" count="0" type="stmt"/>
        <line num="38" count="0" type="stmt"/>
        <line num="42" count="0" type="stmt"/>
        <line num="46" count="0" type="stmt"/>
        <line num="50" count="0" type="stmt"/>
        <line num="54" count="0" type="stmt"/>
        <line num="55" count="0" type="cond" truecount="0" falsecount="2"/>
        <line num="57" count="0" type="stmt"/>
        <line num="63" count="0" type="stmt"/>
        <line num="67" count="0" type="stmt"/>
        <line num="71" count="0" type="stmt"/>
        <line num="75" count="0" type="stmt"/>
        <line num="79" count="0" type="stmt"/>
        <line num="83" count="0" type="stmt"/>
        <line num="87" count="0" type="stmt"/>
        <line num="91" count="0" type="stmt"/>
        <line num="95" count="0" type="stmt"/>
        <line num="96" count="0" type="stmt"/>
        <line num="99" count="0" type="stmt"/>
        <line num="100" count="0" type="stmt"/>
      </file>
      <file name="valueObject.ts" path="/Users/vincent/Documents/Vincent/TypeScript/todo-core/src/shared/valueObject.ts">
        <metrics statements="8" coveredstatements="3" conditionals="6" coveredconditionals="0" methods="2" coveredmethods="1"/>
        <line num="1" count="2" type="stmt"/>
        <line num="12" count="2" type="stmt"/>
        <line num="16" count="15" type="stmt"/>
        <line num="20" count="0" type="cond" truecount="0" falsecount="4"/>
        <line num="21" count="0" type="stmt"/>
        <line num="23" count="0" type="cond" truecount="0" falsecount="2"/>
        <line num="24" count="0" type="stmt"/>
        <line num="26" count="0" type="stmt"/>
      </file>
    </package>
  </project>
</coverage>
