{"/Users/vincent/Documents/Vincent/TypeScript/todo-core/src/Interface/Http/TaskAPI.ts": {"path":"/Users/vincent/Documents/Vincent/TypeScript/todo-core/src/Interface/Http/TaskAPI.ts","statementMap":{"0":{"start":{"line":1,"column":0},"end":{"line":1,"column":31}},"1":{"start":{"line":11,"column":4},"end":{"line":13,"column":null}},"2":{"start":{"line":12,"column":6},"end":{"line":12,"column":36}},"3":{"start":{"line":14,"column":4},"end":{"line":14,"column":25}},"4":{"start":{"line":17,"column":21},"end":{"line":28,"column":6}},"5":{"start":{"line":29,"column":4},"end":{"line":29,"column":76}},"6":{"start":{"line":6,"column":0},"end":{"line":6,"column":13}},"7":{"start":{"line":8,"column":17},"end":{"line":8,"column":49}}},"fnMap":{"0":{"name":"(anonymous_0)","decl":{"start":{"line":9,"column":2},"end":{"line":9,"column":25}},"loc":{"start":{"line":9,"column":2},"end":{"line":9,"column":26}}},"1":{"name":"(anonymous_1)","decl":{"start":{"line":10,"column":2},"end":{"line":10,"column":8}},"loc":{"start":{"line":10,"column":20},"end":{"line":15,"column":3}}},"2":{"name":"(anonymous_2)","decl":{"start":{"line":16,"column":2},"end":{"line":16,"column":7}},"loc":{"start":{"line":16,"column":40},"end":{"line":30,"column":3}}}},"branchMap":{"0":{"loc":{"start":{"line":11,"column":4},"end":{"line":13,"column":null}},"type":"if","locations":[{"start":{"line":11,"column":4},"end":{"line":13,"column":null}},{"start":{"line":11,"column":4},"end":{"line":13,"column":null}}]}},"s":{"0":2,"1":7,"2":2,"3":7,"4":10,"5":10,"6":2,"7":2},"f":{"0":2,"1":7,"2":10},"b":{"0":[2,5]}}
,"/Users/vincent/Documents/Vincent/TypeScript/todo-core/src/Interface/Memory/TaskLiskRepository.ts": {"path":"/Users/vincent/Documents/Vincent/TypeScript/todo-core/src/Interface/Memory/TaskLiskRepository.ts","statementMap":{"0":{"start":{"line":4,"column":10},"end":{"line":4,"column":43}},"1":{"start":{"line":10,"column":4},"end":{"line":10,"column":26}},"2":{"start":{"line":7,"column":4},"end":{"line":7,"column":40}},"3":{"start":{"line":13,"column":18},"end":{"line":13,"column":60}},"4":{"start":{"line":13,"column":48},"end":{"line":13,"column":59}},"5":{"start":{"line":14,"column":4},"end":{"line":14,"column":53}},"6":{"start":{"line":17,"column":4},"end":{"line":17,"column":27}},"7":{"start":{"line":18,"column":4},"end":{"line":18,"column":16}},"8":{"start":{"line":21,"column":18},"end":{"line":21,"column":60}},"9":{"start":{"line":21,"column":48},"end":{"line":21,"column":59}},"10":{"start":{"line":22,"column":4},"end":{"line":24,"column":null}},"11":{"start":{"line":23,"column":6},"end":{"line":23,"column":38}},"12":{"start":{"line":25,"column":4},"end":{"line":25,"column":16}},"13":{"start":{"line":28,"column":18},"end":{"line":28,"column":60}},"14":{"start":{"line":28,"column":48},"end":{"line":28,"column":59}},"15":{"start":{"line":29,"column":4},"end":{"line":31,"column":null}},"16":{"start":{"line":30,"column":6},"end":{"line":30,"column":41}},"17":{"start":{"line":32,"column":4},"end":{"line":32,"column":16}},"18":{"start":{"line":35,"column":4},"end":{"line":35,"column":26}},"19":{"start":{"line":38,"column":4},"end":{"line":38,"column":26}},"20":{"start":{"line":3,"column":0},"end":{"line":3,"column":13}}},"fnMap":{"0":{"name":"(anonymous_0)","decl":{"start":{"line":9,"column":2},"end":{"line":9,"column":14}},"loc":{"start":{"line":9,"column":41},"end":{"line":11,"column":3}}},"1":{"name":"(anonymous_1)","decl":{"start":{"line":5,"column":2},"end":{"line":5,"column":10}},"loc":{"start":{"line":5,"column":38},"end":{"line":8,"column":3}}},"2":{"name":"(anonymous_2)","decl":{"start":{"line":12,"column":2},"end":{"line":12,"column":9}},"loc":{"start":{"line":12,"column":20},"end":{"line":15,"column":3}}},"3":{"name":"(anonymous_3)","decl":{"start":{"line":13,"column":43},"end":{"line":13,"column":44}},"loc":{"start":{"line":13,"column":48},"end":{"line":13,"column":59}}},"4":{"name":"(anonymous_4)","decl":{"start":{"line":16,"column":2},"end":{"line":16,"column":9}},"loc":{"start":{"line":16,"column":22},"end":{"line":19,"column":3}}},"5":{"name":"(anonymous_5)","decl":{"start":{"line":20,"column":2},"end":{"line":20,"column":9}},"loc":{"start":{"line":20,"column":20},"end":{"line":26,"column":3}}},"6":{"name":"(anonymous_6)","decl":{"start":{"line":21,"column":43},"end":{"line":21,"column":44}},"loc":{"start":{"line":21,"column":48},"end":{"line":21,"column":59}}},"7":{"name":"(anonymous_7)","decl":{"start":{"line":27,"column":2},"end":{"line":27,"column":12}},"loc":{"start":{"line":27,"column":37},"end":{"line":33,"column":3}}},"8":{"name":"(anonymous_8)","decl":{"start":{"line":28,"column":43},"end":{"line":28,"column":44}},"loc":{"start":{"line":28,"column":48},"end":{"line":28,"column":59}}},"9":{"name":"(anonymous_9)","decl":{"start":{"line":34,"column":2},"end":{"line":34,"column":13}},"loc":{"start":{"line":34,"column":44},"end":{"line":36,"column":3}}},"10":{"name":"(anonymous_10)","decl":{"start":{"line":37,"column":2},"end":{"line":37,"column":13}},"loc":{"start":{"line":37,"column":21},"end":{"line":39,"column":3}}}},"branchMap":{"0":{"loc":{"start":{"line":9,"column":39},"end":{"line":9,"column":41}},"type":"default-arg","locations":[{"start":{"line":9,"column":39},"end":{"line":9,"column":41}}]},"1":{"loc":{"start":{"line":5,"column":36},"end":{"line":5,"column":38}},"type":"default-arg","locations":[{"start":{"line":5,"column":36},"end":{"line":5,"column":38}}]},"2":{"loc":{"start":{"line":14,"column":24},"end":{"line":14,"column":45}},"type":"cond-expr","locations":[{"start":{"line":14,"column":24},"end":{"line":14,"column":45}},{"start":{"line":14,"column":48},"end":{"line":14,"column":52}}]},"3":{"loc":{"start":{"line":22,"column":4},"end":{"line":24,"column":null}},"type":"if","locations":[{"start":{"line":22,"column":4},"end":{"line":24,"column":null}},{"start":{"line":22,"column":4},"end":{"line":24,"column":null}}]},"4":{"loc":{"start":{"line":29,"column":4},"end":{"line":31,"column":null}},"type":"if","locations":[{"start":{"line":29,"column":4},"end":{"line":31,"column":null}},{"start":{"line":29,"column":4},"end":{"line":31,"column":null}}]}},"s":{"0":15,"1":15,"2":1,"3":2,"4":2,"5":2,"6":9,"7":9,"8":2,"9":2,"10":2,"11":1,"12":2,"13":2,"14":2,"15":2,"16":1,"17":2,"18":1,"19":11,"20":2},"f":{"0":15,"1":1,"2":2,"3":2,"4":9,"5":2,"6":2,"7":2,"8":2,"9":1,"10":11},"b":{"0":[14],"1":[1],"2":[1,1],"3":[1,1],"4":[1,1]}}
,"/Users/vincent/Documents/Vincent/TypeScript/todo-core/src/Interface/Memory/TaskRepository.ts": {"path":"/Users/vincent/Documents/Vincent/TypeScript/todo-core/src/Interface/Memory/TaskRepository.ts","statementMap":{"0":{"start":{"line":1,"column":0},"end":{"line":1,"column":null}},"1":{"start":{"line":16,"column":4},"end":{"line":16,"column":68}},"2":{"start":{"line":9,"column":0},"end":{"line":9,"column":13}}},"fnMap":{"0":{"name":"(anonymous_0)","decl":{"start":{"line":10,"column":2},"end":{"line":10,"column":12}},"loc":{"start":{"line":14,"column":28},"end":{"line":17,"column":3}}}},"branchMap":{},"s":{"0":2,"1":10,"2":2},"f":{"0":10},"b":{}}
,"/Users/vincent/Documents/Vincent/TypeScript/todo-core/src/Interface/Services/TaskTransfer.ts": {"path":"/Users/vincent/Documents/Vincent/TypeScript/todo-core/src/Interface/Services/TaskTransfer.ts","statementMap":{"0":{"start":{"line":6,"column":22},"end":{"line":6,"column":47}},"1":{"start":{"line":16,"column":4},"end":{"line":16,"column":72}},"2":{"start":{"line":18,"column":4},"end":{"line":24,"column":null}},"3":{"start":{"line":20,"column":26},"end":{"line":20,"column":44}},"4":{"start":{"line":21,"column":6},"end":{"line":23,"column":32}},"5":{"start":{"line":5,"column":0},"end":{"line":5,"column":13}}},"fnMap":{"0":{"name":"(anonymous_0)","decl":{"start":{"line":6,"column":2},"end":{"line":6,"column":22}},"loc":{"start":{"line":6,"column":47},"end":{"line":6,"column":51}}},"1":{"name":"(anonymous_1)","decl":{"start":{"line":14,"column":2},"end":{"line":14,"column":10}},"loc":{"start":{"line":14,"column":40},"end":{"line":25,"column":3}}}},"branchMap":{"0":{"loc":{"start":{"line":18,"column":4},"end":{"line":24,"column":null}},"type":"if","locations":[{"start":{"line":18,"column":4},"end":{"line":24,"column":null}},{"start":{"line":18,"column":4},"end":{"line":24,"column":null}}]}},"s":{"0":7,"1":0,"2":0,"3":0,"4":0,"5":2},"f":{"0":7,"1":0},"b":{"0":[0,0]}}
,"/Users/vincent/Documents/Vincent/TypeScript/todo-core/src/UseCases/ITaskListUsecase.ts": {"path":"/Users/vincent/Documents/Vincent/TypeScript/todo-core/src/UseCases/ITaskListUsecase.ts","statementMap":{"0":{"start":{"line":15,"column":22},"end":{"line":15,"column":47}},"1":{"start":{"line":17,"column":4},"end":{"line":17,"column":48}},"2":{"start":{"line":20,"column":4},"end":{"line":20,"column":33}},"3":{"start":{"line":23,"column":4},"end":{"line":23,"column":41}},"4":{"start":{"line":26,"column":4},"end":{"line":26,"column":33}},"5":{"start":{"line":13,"column":0},"end":{"line":13,"column":13}}},"fnMap":{"0":{"name":"(anonymous_0)","decl":{"start":{"line":15,"column":2},"end":{"line":15,"column":22}},"loc":{"start":{"line":15,"column":47},"end":{"line":15,"column":51}}},"1":{"name":"(anonymous_1)","decl":{"start":{"line":16,"column":2},"end":{"line":16,"column":12}},"loc":{"start":{"line":16,"column":37},"end":{"line":18,"column":3}}},"2":{"name":"(anonymous_2)","decl":{"start":{"line":19,"column":2},"end":{"line":19,"column":9}},"loc":{"start":{"line":19,"column":20},"end":{"line":21,"column":3}}},"3":{"name":"(anonymous_3)","decl":{"start":{"line":22,"column":2},"end":{"line":22,"column":9}},"loc":{"start":{"line":22,"column":22},"end":{"line":24,"column":3}}},"4":{"name":"(anonymous_4)","decl":{"start":{"line":25,"column":2},"end":{"line":25,"column":9}},"loc":{"start":{"line":25,"column":20},"end":{"line":27,"column":3}}}},"branchMap":{},"s":{"0":7,"1":2,"2":2,"3":9,"4":2,"5":1},"f":{"0":7,"1":2,"2":2,"3":9,"4":2},"b":{}}
,"/Users/vincent/Documents/Vincent/TypeScript/todo-core/src/UseCases/ITaskUsecase.ts": {"path":"/Users/vincent/Documents/Vincent/TypeScript/todo-core/src/UseCases/ITaskUsecase.ts","statementMap":{"0":{"start":{"line":2,"column":0},"end":{"line":2,"column":62}},"1":{"start":{"line":6,"column":0},"end":{"line":6,"column":66}},"2":{"start":{"line":7,"column":0},"end":{"line":7,"column":76}},"3":{"start":{"line":8,"column":0},"end":{"line":8,"column":68}},"4":{"start":{"line":20,"column":22},"end":{"line":20,"column":37}},"5":{"start":{"line":20,"column":47},"end":{"line":20,"column":68}},"6":{"start":{"line":29,"column":16},"end":{"line":29,"column":52}},"7":{"start":{"line":30,"column":15},"end":{"line":30,"column":21}},"8":{"start":{"line":31,"column":4},"end":{"line":31,"column":64}},"9":{"start":{"line":19,"column":0},"end":{"line":19,"column":13}},"10":{"start":{"line":37,"column":4},"end":{"line":43,"column":6}},"11":{"start":{"line":35,"column":0},"end":{"line":35,"column":13}}},"fnMap":{"0":{"name":"(anonymous_0)","decl":{"start":{"line":20,"column":2},"end":{"line":20,"column":22}},"loc":{"start":{"line":20,"column":68},"end":{"line":22,"column":3}}},"1":{"name":"(anonymous_1)","decl":{"start":{"line":23,"column":2},"end":{"line":23,"column":7}},"loc":{"start":{"line":26,"column":35},"end":{"line":32,"column":3}}},"2":{"name":"(anonymous_2)","decl":{"start":{"line":36,"column":9},"end":{"line":36,"column":15}},"loc":{"start":{"line":36,"column":22},"end":{"line":44,"column":3}}}},"branchMap":{"0":{"loc":{"start":{"line":25,"column":30},"end":{"line":25,"column":34}},"type":"default-arg","locations":[{"start":{"line":25,"column":30},"end":{"line":25,"column":34}}]},"1":{"loc":{"start":{"line":26,"column":31},"end":{"line":26,"column":35}},"type":"default-arg","locations":[{"start":{"line":26,"column":31},"end":{"line":26,"column":35}}]}},"s":{"0":2,"1":2,"2":2,"3":2,"4":7,"5":7,"6":10,"7":10,"8":10,"9":2,"10":7,"11":2},"f":{"0":7,"1":10,"2":7},"b":{"0":[1],"1":[9]}}
,"/Users/vincent/Documents/Vincent/TypeScript/todo-core/src/core/Entities/ICustomer.ts": {"path":"/Users/vincent/Documents/Vincent/TypeScript/todo-core/src/core/Entities/ICustomer.ts","statementMap":{"0":{"start":{"line":27,"column":2},"end":{"line":27,"column":36}},"1":{"start":{"line":28,"column":2},"end":{"line":28,"column":34}},"2":{"start":{"line":35,"column":4},"end":{"line":35,"column":17}},"3":{"start":{"line":36,"column":4},"end":{"line":36,"column":33}},"4":{"start":{"line":37,"column":4},"end":{"line":37,"column":39}},"5":{"start":{"line":26,"column":0},"end":{"line":26,"column":13}}},"fnMap":{"0":{"name":"(anonymous_0)","decl":{"start":{"line":30,"column":2},"end":{"line":30,"column":null}},"loc":{"start":{"line":33,"column":33},"end":{"line":38,"column":3}}}},"branchMap":{"0":{"loc":{"start":{"line":36,"column":19},"end":{"line":36,"column":26}},"type":"cond-expr","locations":[{"start":{"line":36,"column":19},"end":{"line":36,"column":26}},{"start":{"line":36,"column":30},"end":{"line":36,"column":32}}]},"1":{"loc":{"start":{"line":36,"column":19},"end":{"line":36,"column":30}},"type":"binary-expr","locations":[{"start":{"line":36,"column":19},"end":{"line":36,"column":30}},{"start":{"line":36,"column":19},"end":{"line":36,"column":30}}]},"2":{"loc":{"start":{"line":37,"column":22},"end":{"line":37,"column":32}},"type":"cond-expr","locations":[{"start":{"line":37,"column":22},"end":{"line":37,"column":32}},{"start":{"line":37,"column":36},"end":{"line":37,"column":38}}]},"3":{"loc":{"start":{"line":37,"column":22},"end":{"line":37,"column":36}},"type":"binary-expr","locations":[{"start":{"line":37,"column":22},"end":{"line":37,"column":36}},{"start":{"line":37,"column":22},"end":{"line":37,"column":36}}]}},"s":{"0":3,"1":3,"2":3,"3":3,"4":3,"5":2},"f":{"0":3},"b":{"0":[1,2],"1":[3,3],"2":[1,2],"3":[3,3]}}
,"/Users/vincent/Documents/Vincent/TypeScript/todo-core/src/core/Entities/ITaskItem.ts": {"path":"/Users/vincent/Documents/Vincent/TypeScript/todo-core/src/core/Entities/ITaskItem.ts","statementMap":{"0":{"start":{"line":2,"column":0},"end":{"line":2,"column":55}},"1":{"start":{"line":56,"column":0},"end":{"line":56,"column":null}},"2":{"start":{"line":57,"column":2},"end":{"line":57,"column":null}},"3":{"start":{"line":58,"column":2},"end":{"line":58,"column":null}},"4":{"start":{"line":65,"column":2},"end":{"line":65,"column":18}},"5":{"start":{"line":67,"column":2},"end":{"line":67,"column":34}},"6":{"start":{"line":70,"column":4},"end":{"line":70,"column":17}},"7":{"start":{"line":71,"column":4},"end":{"line":71,"column":27}},"8":{"start":{"line":78,"column":4},"end":{"line":82,"column":6}},"9":{"start":{"line":86,"column":4},"end":{"line":86,"column":20}},"10":{"start":{"line":64,"column":0},"end":{"line":64,"column":13}},"11":{"start":{"line":103,"column":4},"end":{"line":103,"column":23}},"12":{"start":{"line":96,"column":2},"end":{"line":96,"column":34}},"13":{"start":{"line":104,"column":4},"end":{"line":104,"column":52}},"14":{"start":{"line":105,"column":4},"end":{"line":105,"column":23}},"15":{"start":{"line":93,"column":0},"end":{"line":93,"column":13}},"16":{"start":{"line":115,"column":4},"end":{"line":120,"column":null}},"17":{"start":{"line":117,"column":6},"end":{"line":117,"column":70}},"18":{"start":{"line":119,"column":6},"end":{"line":119,"column":72}},"19":{"start":{"line":108,"column":0},"end":{"line":108,"column":13}},"20":{"start":{"line":123,"column":0},"end":{"line":123,"column":13}},"21":{"start":{"line":133,"column":4},"end":{"line":133,"column":34}},"22":{"start":{"line":136,"column":4},"end":{"line":136,"column":35}},"23":{"start":{"line":139,"column":4},"end":{"line":139,"column":34}},"24":{"start":{"line":128,"column":0},"end":{"line":128,"column":13}}},"fnMap":{"0":{"name":"(anonymous_0)","decl":{"start":{"line":56,"column":0},"end":{"line":56,"column":12}},"loc":{"start":{"line":56,"column":23},"end":{"line":59,"column":1}}},"1":{"name":"(anonymous_1)","decl":{"start":{"line":69,"column":2},"end":{"line":69,"column":14}},"loc":{"start":{"line":69,"column":36},"end":{"line":72,"column":3}}},"2":{"name":"(anonymous_2)","decl":{"start":{"line":77,"column":2},"end":{"line":77,"column":8}},"loc":{"start":{"line":77,"column":8},"end":{"line":83,"column":3}}},"3":{"name":"(anonymous_3)","decl":{"start":{"line":85,"column":10},"end":{"line":85,"column":19}},"loc":{"start":{"line":85,"column":34},"end":{"line":87,"column":3}}},"4":{"name":"(anonymous_4)","decl":{"start":{"line":97,"column":2},"end":{"line":97,"column":null}},"loc":{"start":{"line":101,"column":35},"end":{"line":106,"column":3}}},"5":{"name":"(anonymous_5)","decl":{"start":{"line":109,"column":9},"end":{"line":109,"column":15}},"loc":{"start":{"line":113,"column":28},"end":{"line":121,"column":3}}},"6":{"name":"(anonymous_6)","decl":{"start":{"line":132,"column":2},"end":{"line":132,"column":6}},"loc":{"start":{"line":132,"column":6},"end":{"line":134,"column":3}}},"7":{"name":"(anonymous_7)","decl":{"start":{"line":135,"column":2},"end":{"line":135,"column":7}},"loc":{"start":{"line":135,"column":7},"end":{"line":137,"column":3}}},"8":{"name":"(anonymous_8)","decl":{"start":{"line":138,"column":2},"end":{"line":138,"column":6}},"loc":{"start":{"line":138,"column":6},"end":{"line":140,"column":3}}}},"branchMap":{"0":{"loc":{"start":{"line":56,"column":12},"end":{"line":56,"column":23}},"type":"binary-expr","locations":[{"start":{"line":56,"column":12},"end":{"line":56,"column":23}},{"start":{"line":56,"column":12},"end":{"line":56,"column":null}}]},"1":{"loc":{"start":{"line":80,"column":10},"end":{"line":80,"column":30}},"type":"cond-expr","locations":[{"start":{"line":80,"column":10},"end":{"line":80,"column":30}},{"start":{"line":81,"column":10},"end":{"line":81,"column":32}}]},"2":{"loc":{"start":{"line":100,"column":30},"end":{"line":100,"column":34}},"type":"default-arg","locations":[{"start":{"line":100,"column":30},"end":{"line":100,"column":34}}]},"3":{"loc":{"start":{"line":101,"column":31},"end":{"line":101,"column":35}},"type":"default-arg","locations":[{"start":{"line":101,"column":31},"end":{"line":101,"column":35}}]},"4":{"loc":{"start":{"line":115,"column":4},"end":{"line":120,"column":null}},"type":"if","locations":[{"start":{"line":115,"column":4},"end":{"line":120,"column":null}},{"start":{"line":115,"column":4},"end":{"line":120,"column":null}}]}},"s":{"0":2,"1":2,"2":2,"3":2,"4":15,"5":15,"6":15,"7":15,"8":2,"9":2,"10":2,"11":15,"12":15,"13":15,"14":15,"15":2,"16":10,"17":3,"18":7,"19":2,"20":2,"21":1,"22":1,"23":1,"24":2},"f":{"0":2,"1":15,"2":2,"3":2,"4":15,"5":10,"6":1,"7":1,"8":1},"b":{"0":[2,2],"1":[1,1],"2":[3],"3":[4],"4":[3,7]}}
,"/Users/vincent/Documents/Vincent/TypeScript/todo-core/src/core/ValueObject/FinishDate.ts": {"path":"/Users/vincent/Documents/Vincent/TypeScript/todo-core/src/core/ValueObject/FinishDate.ts","statementMap":{"0":{"start":{"line":1,"column":0},"end":{"line":1,"column":55}},"1":{"start":{"line":9,"column":4},"end":{"line":9,"column":28}},"2":{"start":{"line":14,"column":4},"end":{"line":14,"column":17}},"3":{"start":{"line":18,"column":4},"end":{"line":22,"column":null}},"4":{"start":{"line":19,"column":6},"end":{"line":19,"column":68}},"5":{"start":{"line":21,"column":6},"end":{"line":21,"column":51}},"6":{"start":{"line":7,"column":0},"end":{"line":7,"column":13}}},"fnMap":{"0":{"name":"(anonymous_0)","decl":{"start":{"line":8,"column":2},"end":{"line":8,"column":6}},"loc":{"start":{"line":8,"column":11},"end":{"line":10,"column":3}}},"1":{"name":"(anonymous_1)","decl":{"start":{"line":13,"column":2},"end":{"line":13,"column":22}},"loc":{"start":{"line":13,"column":44},"end":{"line":15,"column":3}}},"2":{"name":"(anonymous_2)","decl":{"start":{"line":17,"column":9},"end":{"line":17,"column":15}},"loc":{"start":{"line":17,"column":46},"end":{"line":23,"column":3}}}},"branchMap":{"0":{"loc":{"start":{"line":18,"column":4},"end":{"line":22,"column":null}},"type":"if","locations":[{"start":{"line":18,"column":4},"end":{"line":22,"column":null}},{"start":{"line":18,"column":4},"end":{"line":22,"column":null}}]},"1":{"loc":{"start":{"line":18,"column":8},"end":{"line":18,"column":18}},"type":"binary-expr","locations":[{"start":{"line":18,"column":8},"end":{"line":18,"column":18}},{"start":{"line":18,"column":22},"end":{"line":18,"column":55}}]}},"s":{"0":2,"1":0,"2":15,"3":15,"4":0,"5":15,"6":2},"f":{"0":0,"1":15,"2":15},"b":{"0":[0,15],"1":[15,5]}}
,"/Users/vincent/Documents/Vincent/TypeScript/todo-core/src/shared/Entiry.ts": {"path":"/Users/vincent/Documents/Vincent/TypeScript/todo-core/src/shared/Entiry.ts","statementMap":{"0":{"start":{"line":1,"column":0},"end":{"line":1,"column":36}},"1":{"start":{"line":3,"column":22},"end":{"line":3,"column":34}},"2":{"start":{"line":4,"column":4},"end":{"line":4,"column":31}},"3":{"start":{"line":7,"column":4},"end":{"line":7,"column":31}},"4":{"start":{"line":11,"column":17},"end":{"line":13,"column":1}},"5":{"start":{"line":12,"column":2},"end":{"line":12,"column":29}},"6":{"start":{"line":23,"column":4},"end":{"line":23,"column":46}},"7":{"start":{"line":24,"column":4},"end":{"line":24,"column":23}},"8":{"start":{"line":30,"column":4},"end":{"line":32,"column":null}},"9":{"start":{"line":31,"column":6},"end":{"line":31,"column":19}},"10":{"start":{"line":34,"column":4},"end":{"line":36,"column":null}},"11":{"start":{"line":35,"column":6},"end":{"line":35,"column":18}},"12":{"start":{"line":38,"column":4},"end":{"line":40,"column":null}},"13":{"start":{"line":39,"column":6},"end":{"line":39,"column":19}},"14":{"start":{"line":42,"column":4},"end":{"line":42,"column":39}},"15":{"start":{"line":15,"column":0},"end":{"line":15,"column":22}}},"fnMap":{"0":{"name":"(anonymous_0)","decl":{"start":{"line":3,"column":2},"end":{"line":3,"column":22}},"loc":{"start":{"line":3,"column":34},"end":{"line":5,"column":3}}},"1":{"name":"(anonymous_1)","decl":{"start":{"line":6,"column":2},"end":{"line":6,"column":8}},"loc":{"start":{"line":6,"column":27},"end":{"line":8,"column":3}}},"2":{"name":"(anonymous_2)","decl":{"start":{"line":11,"column":17},"end":{"line":11,"column":18}},"loc":{"start":{"line":11,"column":46},"end":{"line":13,"column":1}}},"3":{"name":"(anonymous_3)","decl":{"start":{"line":21,"column":2},"end":{"line":21,"column":14}},"loc":{"start":{"line":21,"column":43},"end":{"line":25,"column":3}}},"4":{"name":"(anonymous_4)","decl":{"start":{"line":29,"column":9},"end":{"line":29,"column":15}},"loc":{"start":{"line":29,"column":34},"end":{"line":43,"column":3}}}},"branchMap":{"0":{"loc":{"start":{"line":4,"column":15},"end":{"line":4,"column":18}},"type":"cond-expr","locations":[{"start":{"line":4,"column":15},"end":{"line":4,"column":18}},{"start":{"line":4,"column":22},"end":{"line":4,"column":30}}]},"1":{"loc":{"start":{"line":4,"column":15},"end":{"line":4,"column":22}},"type":"binary-expr","locations":[{"start":{"line":4,"column":15},"end":{"line":4,"column":22}},{"start":{"line":4,"column":15},"end":{"line":4,"column":22}}]},"2":{"loc":{"start":{"line":23,"column":20},"end":{"line":23,"column":22}},"type":"cond-expr","locations":[{"start":{"line":23,"column":20},"end":{"line":23,"column":22}},{"start":{"line":23,"column":25},"end":{"line":23,"column":45}}]},"3":{"loc":{"start":{"line":30,"column":4},"end":{"line":32,"column":null}},"type":"if","locations":[{"start":{"line":30,"column":4},"end":{"line":32,"column":null}},{"start":{"line":30,"column":4},"end":{"line":32,"column":null}}]},"4":{"loc":{"start":{"line":30,"column":8},"end":{"line":30,"column":23}},"type":"binary-expr","locations":[{"start":{"line":30,"column":8},"end":{"line":30,"column":23}},{"start":{"line":30,"column":27},"end":{"line":30,"column":47}}]},"5":{"loc":{"start":{"line":34,"column":4},"end":{"line":36,"column":null}},"type":"if","locations":[{"start":{"line":34,"column":4},"end":{"line":36,"column":null}},{"start":{"line":34,"column":4},"end":{"line":36,"column":null}}]},"6":{"loc":{"start":{"line":38,"column":4},"end":{"line":40,"column":null}},"type":"if","locations":[{"start":{"line":38,"column":4},"end":{"line":40,"column":null}},{"start":{"line":38,"column":4},"end":{"line":40,"column":null}}]}},"s":{"0":0,"1":0,"2":0,"3":0,"4":0,"5":0,"6":0,"7":0,"8":0,"9":0,"10":0,"11":0,"12":0,"13":0,"14":0,"15":0},"f":{"0":0,"1":0,"2":0,"3":0,"4":0},"b":{"0":[0,0],"1":[0,0],"2":[0,0],"3":[0,0],"4":[0,0],"5":[0,0],"6":[0,0]}}
,"/Users/vincent/Documents/Vincent/TypeScript/todo-core/src/shared/valueObject.ts": {"path":"/Users/vincent/Documents/Vincent/TypeScript/todo-core/src/shared/valueObject.ts","statementMap":{"0":{"start":{"line":1,"column":0},"end":{"line":1,"column":52}},"1":{"start":{"line":16,"column":4},"end":{"line":16,"column":38}},"2":{"start":{"line":20,"column":4},"end":{"line":22,"column":null}},"3":{"start":{"line":21,"column":6},"end":{"line":21,"column":19}},"4":{"start":{"line":23,"column":4},"end":{"line":25,"column":null}},"5":{"start":{"line":24,"column":6},"end":{"line":24,"column":19}},"6":{"start":{"line":26,"column":4},"end":{"line":26,"column":46}},"7":{"start":{"line":12,"column":0},"end":{"line":12,"column":22}}},"fnMap":{"0":{"name":"(anonymous_0)","decl":{"start":{"line":15,"column":2},"end":{"line":15,"column":14}},"loc":{"start":{"line":15,"column":22},"end":{"line":17,"column":3}}},"1":{"name":"(anonymous_1)","decl":{"start":{"line":19,"column":9},"end":{"line":19,"column":15}},"loc":{"start":{"line":19,"column":35},"end":{"line":27,"column":3}}}},"branchMap":{"0":{"loc":{"start":{"line":20,"column":4},"end":{"line":22,"column":null}},"type":"if","locations":[{"start":{"line":20,"column":4},"end":{"line":22,"column":null}},{"start":{"line":20,"column":4},"end":{"line":22,"column":null}}]},"1":{"loc":{"start":{"line":20,"column":8},"end":{"line":20,"column":19}},"type":"binary-expr","locations":[{"start":{"line":20,"column":8},"end":{"line":20,"column":19}},{"start":{"line":20,"column":23},"end":{"line":20,"column":39}}]},"2":{"loc":{"start":{"line":23,"column":4},"end":{"line":25,"column":null}},"type":"if","locations":[{"start":{"line":23,"column":4},"end":{"line":25,"column":null}},{"start":{"line":23,"column":4},"end":{"line":25,"column":null}}]}},"s":{"0":2,"1":15,"2":0,"3":0,"4":0,"5":0,"6":0,"7":2},"f":{"0":15,"1":0},"b":{"0":[0,0],"1":[0,0],"2":[0,0]}}
}
