{"/Users/vincent/Documents/Vincent/TypeScript/todo-core/src/Interface/API/TaskAPI.ts": {"path":"/Users/vincent/Documents/Vincent/TypeScript/todo-core/src/Interface/API/TaskAPI.ts","statementMap":{"0":{"start":{"line":1,"column":0},"end":{"line":1,"column":31}},"1":{"start":{"line":6,"column":0},"end":{"line":6,"column":13}},"2":{"start":{"line":10,"column":9},"end":{"line":15,"column":null}},"3":{"start":{"line":11,"column":4},"end":{"line":13,"column":null}},"4":{"start":{"line":12,"column":6},"end":{"line":12,"column":36}},"5":{"start":{"line":14,"column":4},"end":{"line":14,"column":25}},"6":{"start":{"line":16,"column":8},"end":{"line":30,"column":null}},"7":{"start":{"line":17,"column":21},"end":{"line":28,"column":null}},"8":{"start":{"line":17,"column":10},"end":{"line":28,"column":null}},"9":{"start":{"line":29,"column":12},"end":{"line":29,"column":75}},"10":{"start":{"line":29,"column":4},"end":{"line":29,"column":76}},"11":{"start":{"line":8,"column":17},"end":{"line":8,"column":49}},"12":{"start":{"line":31,"column":0},"end":{"line":31,"column":null}},"13":{"start":{"line":6,"column":13},"end":{"line":6,"column":20}}},"fnMap":{"0":{"name":"(anonymous_0)","decl":{"start":{"line":6,"column":0},"end":{"line":6,"column":13}},"loc":{"start":{"line":6,"column":0},"end":{"line":6,"column":13}}},"1":{"name":"TaskAPI","decl":{"start":{"line":9,"column":2},"end":{"line":9,"column":25}},"loc":{"start":{"line":9,"column":2},"end":{"line":9,"column":26}}},"2":{"name":"(anonymous_2)","decl":{"start":{"line":10,"column":2},"end":{"line":10,"column":9}},"loc":{"start":{"line":10,"column":2},"end":{"line":15,"column":3}}},"3":{"name":"(anonymous_3)","decl":{"start":{"line":16,"column":2},"end":{"line":16,"column":8}},"loc":{"start":{"line":16,"column":40},"end":{"line":30,"column":null}}}},"branchMap":{"0":{"loc":{"start":{"line":11,"column":4},"end":{"line":13,"column":null}},"type":"if","locations":[{"start":{"line":11,"column":4},"end":{"line":13,"column":null}},{"start":{"line":11,"column":4},"end":{"line":13,"column":null}}]},"1":{"loc":{"start":{"line":17,"column":21},"end":{"line":28,"column":null}},"type":"switch","locations":[{"start":{"line":17,"column":21},"end":{"line":28,"column":null}},{"start":{"line":29,"column":4},"end":{"line":29,"column":76}}]}},"s":{"0":1,"1":1,"2":1,"3":6,"4":1,"5":6,"6":1,"7":10,"8":10,"9":10,"10":10,"11":1,"12":1,"13":1},"f":{"0":1,"1":1,"2":6,"3":10},"b":{"0":[1,5],"1":[10,10]}}
,"/Users/vincent/Documents/Vincent/TypeScript/todo-core/src/Interface/Repository/TaskListRepository.ts": {"path":"/Users/vincent/Documents/Vincent/TypeScript/todo-core/src/Interface/Repository/TaskListRepository.ts","statementMap":{"0":{"start":{"line":10,"column":0},"end":{"line":10,"column":13}},"1":{"start":{"line":11,"column":10},"end":{"line":11,"column":43}},"2":{"start":{"line":12,"column":2},"end":{"line":15,"column":null}},"3":{"start":{"line":13,"column":18},"end":{"line":13,"column":60}},"4":{"start":{"line":13,"column":48},"end":{"line":13,"column":60}},"5":{"start":{"line":14,"column":4},"end":{"line":14,"column":53}},"6":{"start":{"line":16,"column":2},"end":{"line":19,"column":null}},"7":{"start":{"line":17,"column":4},"end":{"line":17,"column":27}},"8":{"start":{"line":18,"column":4},"end":{"line":18,"column":26}},"9":{"start":{"line":20,"column":2},"end":{"line":25,"column":null}},"10":{"start":{"line":21,"column":18},"end":{"line":21,"column":60}},"11":{"start":{"line":21,"column":48},"end":{"line":21,"column":60}},"12":{"start":{"line":22,"column":4},"end":{"line":24,"column":null}},"13":{"start":{"line":23,"column":6},"end":{"line":23,"column":38}},"14":{"start":{"line":26,"column":2},"end":{"line":32,"column":null}},"15":{"start":{"line":27,"column":18},"end":{"line":27,"column":60}},"16":{"start":{"line":27,"column":48},"end":{"line":27,"column":60}},"17":{"start":{"line":28,"column":4},"end":{"line":30,"column":null}},"18":{"start":{"line":29,"column":6},"end":{"line":29,"column":41}},"19":{"start":{"line":31,"column":4},"end":{"line":31,"column":26}},"20":{"start":{"line":33,"column":0},"end":{"line":33,"column":null}},"21":{"start":{"line":10,"column":13},"end":{"line":10,"column":31}}},"fnMap":{"0":{"name":"(anonymous_0)","decl":{"start":{"line":10,"column":0},"end":{"line":10,"column":13}},"loc":{"start":{"line":10,"column":0},"end":{"line":33,"column":null}}},"1":{"name":"(anonymous_2)","decl":{"start":{"line":12,"column":2},"end":{"line":12,"column":9}},"loc":{"start":{"line":12,"column":20},"end":{"line":15,"column":3}}},"2":{"name":"(anonymous_3)","decl":{"start":{"line":13,"column":43},"end":{"line":13,"column":44}},"loc":{"start":{"line":13,"column":44},"end":{"line":13,"column":49}}},"3":{"name":"(anonymous_4)","decl":{"start":{"line":16,"column":2},"end":{"line":16,"column":9}},"loc":{"start":{"line":16,"column":22},"end":{"line":19,"column":3}}},"4":{"name":"(anonymous_5)","decl":{"start":{"line":20,"column":2},"end":{"line":20,"column":9}},"loc":{"start":{"line":20,"column":20},"end":{"line":25,"column":3}}},"5":{"name":"(anonymous_6)","decl":{"start":{"line":21,"column":43},"end":{"line":21,"column":44}},"loc":{"start":{"line":21,"column":44},"end":{"line":21,"column":49}}},"6":{"name":"(anonymous_7)","decl":{"start":{"line":26,"column":2},"end":{"line":26,"column":12}},"loc":{"start":{"line":26,"column":37},"end":{"line":32,"column":3}}},"7":{"name":"(anonymous_8)","decl":{"start":{"line":27,"column":43},"end":{"line":27,"column":44}},"loc":{"start":{"line":27,"column":44},"end":{"line":27,"column":49}}}},"branchMap":{"0":{"loc":{"start":{"line":14,"column":24},"end":{"line":14,"column":45}},"type":"cond-expr","locations":[{"start":{"line":14,"column":24},"end":{"line":14,"column":45}},{"start":{"line":14,"column":48},"end":{"line":14,"column":52}}]},"1":{"loc":{"start":{"line":22,"column":4},"end":{"line":24,"column":null}},"type":"if","locations":[{"start":{"line":22,"column":4},"end":{"line":24,"column":null}},{"start":{"line":22,"column":4},"end":{"line":24,"column":null}}]},"2":{"loc":{"start":{"line":28,"column":4},"end":{"line":30,"column":null}},"type":"if","locations":[{"start":{"line":28,"column":4},"end":{"line":30,"column":null}},{"start":{"line":28,"column":4},"end":{"line":30,"column":null}}]}},"s":{"0":1,"1":6,"2":1,"3":2,"4":2,"5":2,"6":1,"7":9,"8":9,"9":1,"10":2,"11":2,"12":2,"13":1,"14":1,"15":2,"16":2,"17":2,"18":1,"19":2,"20":1,"21":1},"f":{"0":7,"1":2,"2":2,"3":9,"4":2,"5":2,"6":2,"7":2},"b":{"0":[1,1],"1":[1,1],"2":[1,1]}}
,"/Users/vincent/Documents/Vincent/TypeScript/todo-core/src/Interface/Repository/TaskRepository.ts": {"path":"/Users/vincent/Documents/Vincent/TypeScript/todo-core/src/Interface/Repository/TaskRepository.ts","statementMap":{"0":{"start":{"line":1,"column":0},"end":{"line":1,"column":null}},"1":{"start":{"line":18,"column":0},"end":{"line":18,"column":13}},"2":{"start":{"line":19,"column":2},"end":{"line":31,"column":null}},"3":{"start":{"line":25,"column":4},"end":{"line":30,"column":null}},"4":{"start":{"line":27,"column":6},"end":{"line":27,"column":70}},"5":{"start":{"line":29,"column":6},"end":{"line":29,"column":72}},"6":{"start":{"line":32,"column":0},"end":{"line":32,"column":null}},"7":{"start":{"line":18,"column":13},"end":{"line":18,"column":27}}},"fnMap":{"0":{"name":"(anonymous_0)","decl":{"start":{"line":18,"column":0},"end":{"line":18,"column":13}},"loc":{"start":{"line":18,"column":0},"end":{"line":32,"column":null}}},"1":{"name":"(anonymous_2)","decl":{"start":{"line":19,"column":2},"end":{"line":19,"column":12}},"loc":{"start":{"line":23,"column":28},"end":{"line":31,"column":3}}}},"branchMap":{"0":{"loc":{"start":{"line":25,"column":4},"end":{"line":30,"column":null}},"type":"if","locations":[{"start":{"line":25,"column":4},"end":{"line":30,"column":null}},{"start":{"line":25,"column":4},"end":{"line":30,"column":null}}]}},"s":{"0":1,"1":1,"2":1,"3":10,"4":3,"5":7,"6":1,"7":1},"f":{"0":7,"1":10},"b":{"0":[3,7]}}
,"/Users/vincent/Documents/Vincent/TypeScript/todo-core/src/UseCases/ITaskListUsecase.ts": {"path":"/Users/vincent/Documents/Vincent/TypeScript/todo-core/src/UseCases/ITaskListUsecase.ts","statementMap":{"0":{"start":{"line":13,"column":0},"end":{"line":13,"column":13}},"1":{"start":{"line":15,"column":22},"end":{"line":15,"column":47}},"2":{"start":{"line":16,"column":2},"end":{"line":18,"column":null}},"3":{"start":{"line":17,"column":4},"end":{"line":17,"column":39}},"4":{"start":{"line":19,"column":2},"end":{"line":21,"column":null}},"5":{"start":{"line":20,"column":4},"end":{"line":20,"column":33}},"6":{"start":{"line":22,"column":2},"end":{"line":24,"column":null}},"7":{"start":{"line":23,"column":4},"end":{"line":23,"column":32}},"8":{"start":{"line":25,"column":2},"end":{"line":27,"column":null}},"9":{"start":{"line":26,"column":4},"end":{"line":26,"column":33}},"10":{"start":{"line":28,"column":0},"end":{"line":28,"column":null}},"11":{"start":{"line":13,"column":13},"end":{"line":13,"column":28}}},"fnMap":{"0":{"name":"(anonymous_0)","decl":{"start":{"line":13,"column":0},"end":{"line":13,"column":13}},"loc":{"start":{"line":13,"column":0},"end":{"line":28,"column":null}}},"1":{"name":"TaskListUsecase","decl":{"start":{"line":15,"column":2},"end":{"line":15,"column":22}},"loc":{"start":{"line":15,"column":47},"end":{"line":15,"column":51}}},"2":{"name":"(anonymous_2)","decl":{"start":{"line":16,"column":2},"end":{"line":16,"column":12}},"loc":{"start":{"line":16,"column":37},"end":{"line":18,"column":3}}},"3":{"name":"(anonymous_3)","decl":{"start":{"line":19,"column":2},"end":{"line":19,"column":9}},"loc":{"start":{"line":19,"column":20},"end":{"line":21,"column":3}}},"4":{"name":"(anonymous_4)","decl":{"start":{"line":22,"column":2},"end":{"line":22,"column":9}},"loc":{"start":{"line":22,"column":22},"end":{"line":24,"column":3}}},"5":{"name":"(anonymous_5)","decl":{"start":{"line":25,"column":2},"end":{"line":25,"column":9}},"loc":{"start":{"line":25,"column":20},"end":{"line":27,"column":3}}}},"branchMap":{},"s":{"0":1,"1":6,"2":1,"3":2,"4":1,"5":2,"6":1,"7":9,"8":1,"9":2,"10":1,"11":1},"f":{"0":1,"1":6,"2":2,"3":2,"4":9,"5":2},"b":{}}
,"/Users/vincent/Documents/Vincent/TypeScript/todo-core/src/UseCases/ITaskUsecase.ts": {"path":"/Users/vincent/Documents/Vincent/TypeScript/todo-core/src/UseCases/ITaskUsecase.ts","statementMap":{"0":{"start":{"line":14,"column":0},"end":{"line":14,"column":13}},"1":{"start":{"line":16,"column":22},"end":{"line":16,"column":35}},"2":{"start":{"line":16,"column":45},"end":{"line":16,"column":66}},"3":{"start":{"line":17,"column":8},"end":{"line":26,"column":null}},"4":{"start":{"line":19,"column":4},"end":{"line":19,"column":null}},"5":{"start":{"line":20,"column":4},"end":{"line":20,"column":null}},"6":{"start":{"line":23,"column":16},"end":{"line":23,"column":null}},"7":{"start":{"line":23,"column":10},"end":{"line":23,"column":null}},"8":{"start":{"line":24,"column":10},"end":{"line":24,"column":22}},"9":{"start":{"line":25,"column":4},"end":{"line":25,"column":64}},"10":{"start":{"line":27,"column":0},"end":{"line":27,"column":null}},"11":{"start":{"line":14,"column":13},"end":{"line":14,"column":24}}},"fnMap":{"0":{"name":"(anonymous_0)","decl":{"start":{"line":14,"column":0},"end":{"line":14,"column":13}},"loc":{"start":{"line":14,"column":0},"end":{"line":27,"column":null}}},"1":{"name":"TaskUsecase","decl":{"start":{"line":16,"column":2},"end":{"line":16,"column":22}},"loc":{"start":{"line":16,"column":66},"end":{"line":16,"column":70}}},"2":{"name":"(anonymous_2)","decl":{"start":{"line":17,"column":2},"end":{"line":17,"column":8}},"loc":{"start":{"line":20,"column":35},"end":{"line":26,"column":null}}}},"branchMap":{"0":{"loc":{"start":{"line":19,"column":4},"end":{"line":19,"column":null}},"type":"if","locations":[{"start":{"line":19,"column":4},"end":{"line":19,"column":null}},{"start":{"line":19,"column":4},"end":{"line":19,"column":null}}]},"1":{"loc":{"start":{"line":20,"column":4},"end":{"line":20,"column":null}},"type":"if","locations":[{"start":{"line":20,"column":4},"end":{"line":20,"column":null}},{"start":{"line":20,"column":4},"end":{"line":20,"column":null}}]},"2":{"loc":{"start":{"line":23,"column":16},"end":{"line":23,"column":null}},"type":"switch","locations":[{"start":{"line":23,"column":16},"end":{"line":23,"column":null}}]}},"s":{"0":1,"1":6,"2":6,"3":1,"4":11,"5":19,"6":10,"7":10,"8":10,"9":10,"10":1,"11":1},"f":{"0":1,"1":6,"2":10},"b":{"0":[1,9],"1":[9,1],"2":[10]}}
,"/Users/vincent/Documents/Vincent/TypeScript/todo-core/src/core/Entities/ICustomer.ts": {"path":"/Users/vincent/Documents/Vincent/TypeScript/todo-core/src/core/Entities/ICustomer.ts","statementMap":{"0":{"start":{"line":23,"column":0},"end":{"line":23,"column":13}},"1":{"start":{"line":24,"column":2},"end":{"line":24,"column":31}},"2":{"start":{"line":25,"column":2},"end":{"line":25,"column":29}},"3":{"start":{"line":32,"column":4},"end":{"line":32,"column":17}},"4":{"start":{"line":33,"column":4},"end":{"line":33,"column":33}},"5":{"start":{"line":34,"column":4},"end":{"line":34,"column":39}},"6":{"start":{"line":36,"column":0},"end":{"line":36,"column":null}},"7":{"start":{"line":23,"column":13},"end":{"line":23,"column":22}}},"fnMap":{"0":{"name":"(anonymous_0)","decl":{"start":{"line":23,"column":0},"end":{"line":23,"column":13}},"loc":{"start":{"line":23,"column":0},"end":{"line":36,"column":null}}},"1":{"name":"TaskOwner","decl":{"start":{"line":27,"column":2},"end":{"line":27,"column":null}},"loc":{"start":{"line":30,"column":33},"end":{"line":35,"column":3}}}},"branchMap":{"0":{"loc":{"start":{"line":33,"column":19},"end":{"line":33,"column":26}},"type":"cond-expr","locations":[{"start":{"line":33,"column":19},"end":{"line":33,"column":26}},{"start":{"line":33,"column":30},"end":{"line":33,"column":32}}]},"1":{"loc":{"start":{"line":33,"column":19},"end":{"line":33,"column":30}},"type":"binary-expr","locations":[{"start":{"line":33,"column":19},"end":{"line":33,"column":30}},{"start":{"line":33,"column":19},"end":{"line":33,"column":30}}]},"2":{"loc":{"start":{"line":34,"column":22},"end":{"line":34,"column":32}},"type":"cond-expr","locations":[{"start":{"line":34,"column":22},"end":{"line":34,"column":32}},{"start":{"line":34,"column":36},"end":{"line":34,"column":38}}]},"3":{"loc":{"start":{"line":34,"column":22},"end":{"line":34,"column":36}},"type":"binary-expr","locations":[{"start":{"line":34,"column":22},"end":{"line":34,"column":36}},{"start":{"line":34,"column":22},"end":{"line":34,"column":36}}]}},"s":{"0":2,"1":3,"2":3,"3":3,"4":3,"5":3,"6":2,"7":2},"f":{"0":2,"1":3},"b":{"0":[1,2],"1":[3,3],"2":[1,2],"3":[3,3]}}
,"/Users/vincent/Documents/Vincent/TypeScript/todo-core/src/core/Entities/ITaskItem.ts": {"path":"/Users/vincent/Documents/Vincent/TypeScript/todo-core/src/core/Entities/ITaskItem.ts","statementMap":{"0":{"start":{"line":53,"column":0},"end":{"line":53,"column":null}},"1":{"start":{"line":54,"column":2},"end":{"line":54,"column":null}},"2":{"start":{"line":55,"column":2},"end":{"line":55,"column":null}},"3":{"start":{"line":61,"column":0},"end":{"line":61,"column":13}},"4":{"start":{"line":62,"column":2},"end":{"line":62,"column":18}},"5":{"start":{"line":64,"column":2},"end":{"line":64,"column":34}},"6":{"start":{"line":67,"column":4},"end":{"line":67,"column":17}},"7":{"start":{"line":68,"column":4},"end":{"line":68,"column":27}},"8":{"start":{"line":69,"column":4},"end":{"line":69,"column":23}},"9":{"start":{"line":75,"column":2},"end":{"line":81,"column":null}},"10":{"start":{"line":76,"column":4},"end":{"line":80,"column":6}},"11":{"start":{"line":83,"column":10},"end":{"line":85,"column":null}},"12":{"start":{"line":84,"column":4},"end":{"line":84,"column":20}},"13":{"start":{"line":86,"column":0},"end":{"line":86,"column":null}},"14":{"start":{"line":61,"column":13},"end":{"line":61,"column":17}},"15":{"start":{"line":91,"column":0},"end":{"line":91,"column":66}},"16":{"start":{"line":91,"column":59},"end":{"line":91,"column":63}},"17":{"start":{"line":97,"column":4},"end":{"line":97,"column":null}},"18":{"start":{"line":98,"column":4},"end":{"line":98,"column":null}},"19":{"start":{"line":100,"column":4},"end":{"line":100,"column":null}},"20":{"start":{"line":93,"column":2},"end":{"line":93,"column":33}},"21":{"start":{"line":101,"column":4},"end":{"line":101,"column":33}},"22":{"start":{"line":103,"column":0},"end":{"line":103,"column":null}},"23":{"start":{"line":91,"column":13},"end":{"line":91,"column":23}},"24":{"start":{"line":104,"column":0},"end":{"line":104,"column":54}},"25":{"start":{"line":104,"column":30},"end":{"line":104,"column":40}},"26":{"start":{"line":108,"column":0},"end":{"line":108,"column":null}},"27":{"start":{"line":104,"column":13},"end":{"line":104,"column":21}},"28":{"start":{"line":109,"column":0},"end":{"line":109,"column":56}},"29":{"start":{"line":109,"column":31},"end":{"line":109,"column":41}},"30":{"start":{"line":113,"column":2},"end":{"line":115,"column":null}},"31":{"start":{"line":114,"column":4},"end":{"line":114,"column":34}},"32":{"start":{"line":116,"column":2},"end":{"line":118,"column":null}},"33":{"start":{"line":117,"column":4},"end":{"line":117,"column":35}},"34":{"start":{"line":119,"column":2},"end":{"line":121,"column":null}},"35":{"start":{"line":120,"column":4},"end":{"line":120,"column":34}},"36":{"start":{"line":122,"column":0},"end":{"line":122,"column":null}},"37":{"start":{"line":109,"column":13},"end":{"line":109,"column":22}}},"fnMap":{"0":{"name":"(anonymous_0)","decl":{"start":{"line":53,"column":0},"end":{"line":53,"column":12}},"loc":{"start":{"line":53,"column":23},"end":{"line":56,"column":1}}},"1":{"name":"(anonymous_1)","decl":{"start":{"line":61,"column":0},"end":{"line":61,"column":13}},"loc":{"start":{"line":61,"column":0},"end":{"line":86,"column":null}}},"2":{"name":"Task","decl":{"start":{"line":66,"column":2},"end":{"line":66,"column":14}},"loc":{"start":{"line":66,"column":62},"end":{"line":70,"column":3}}},"3":{"name":"(anonymous_3)","decl":{"start":{"line":75,"column":2},"end":{"line":75,"column":8}},"loc":{"start":{"line":75,"column":2},"end":{"line":81,"column":3}}},"4":{"name":"(anonymous_4)","decl":{"start":{"line":83,"column":2},"end":{"line":83,"column":10}},"loc":{"start":{"line":83,"column":34},"end":{"line":85,"column":3}}},"5":{"name":"(anonymous_5)","decl":{"start":{"line":91,"column":0},"end":{"line":91,"column":13}},"loc":{"start":{"line":91,"column":0},"end":{"line":103,"column":null}}},"6":{"name":"PeriodTask","decl":{"start":{"line":94,"column":2},"end":{"line":94,"column":null}},"loc":{"start":{"line":98,"column":35},"end":{"line":102,"column":3}}},"7":{"name":"(anonymous_7)","decl":{"start":{"line":104,"column":0},"end":{"line":104,"column":13}},"loc":{"start":{"line":104,"column":0},"end":{"line":108,"column":null}}},"8":{"name":"(anonymous_9)","decl":{"start":{"line":109,"column":0},"end":{"line":109,"column":13}},"loc":{"start":{"line":109,"column":0},"end":{"line":122,"column":null}}},"9":{"name":"(anonymous_11)","decl":{"start":{"line":113,"column":2},"end":{"line":113,"column":6}},"loc":{"start":{"line":113,"column":2},"end":{"line":115,"column":3}}},"10":{"name":"(anonymous_12)","decl":{"start":{"line":116,"column":2},"end":{"line":116,"column":7}},"loc":{"start":{"line":116,"column":2},"end":{"line":118,"column":3}}},"11":{"name":"(anonymous_13)","decl":{"start":{"line":119,"column":2},"end":{"line":119,"column":6}},"loc":{"start":{"line":119,"column":2},"end":{"line":121,"column":3}}}},"branchMap":{"0":{"loc":{"start":{"line":53,"column":12},"end":{"line":53,"column":23}},"type":"binary-expr","locations":[{"start":{"line":53,"column":12},"end":{"line":53,"column":23}},{"start":{"line":53,"column":12},"end":{"line":53,"column":null}}]},"1":{"loc":{"start":{"line":78,"column":10},"end":{"line":78,"column":30}},"type":"cond-expr","locations":[{"start":{"line":78,"column":10},"end":{"line":78,"column":30}},{"start":{"line":79,"column":10},"end":{"line":79,"column":32}}]},"2":{"loc":{"start":{"line":97,"column":4},"end":{"line":97,"column":null}},"type":"if","locations":[{"start":{"line":97,"column":4},"end":{"line":97,"column":null}},{"start":{"line":97,"column":4},"end":{"line":97,"column":null}}]},"3":{"loc":{"start":{"line":98,"column":4},"end":{"line":98,"column":null}},"type":"if","locations":[{"start":{"line":98,"column":4},"end":{"line":98,"column":null}},{"start":{"line":98,"column":4},"end":{"line":98,"column":null}}]},"4":{"loc":{"start":{"line":100,"column":4},"end":{"line":100,"column":29}},"type":"binary-expr","locations":[{"start":{"line":100,"column":4},"end":{"line":100,"column":29}},{"start":{"line":100,"column":29},"end":{"line":100,"column":null}}]}},"s":{"0":2,"1":2,"2":2,"3":2,"4":15,"5":15,"6":15,"7":15,"8":15,"9":2,"10":2,"11":2,"12":2,"13":2,"14":2,"15":2,"16":2,"17":18,"18":19,"19":15,"20":15,"21":15,"22":2,"23":2,"24":2,"25":2,"26":2,"27":2,"28":2,"29":2,"30":2,"31":1,"32":2,"33":1,"34":2,"35":1,"36":2,"37":2},"f":{"0":2,"1":2,"2":15,"3":2,"4":2,"5":2,"6":15,"7":9,"8":10,"9":1,"10":1,"11":1},"b":{"0":[2,2],"1":[1,1],"2":[3,12],"3":[4,11],"4":[15,15]}}
}
