TN:
SF:/Users/vincent/Documents/Vincent/TypeScript/todo-core/src/Interface/API/TaskAPI.ts
FN:6,(anonymous_0)
FN:9,TaskAPI
FN:10,(anonymous_2)
FN:16,(anonymous_3)
FNF:4
FNH:4
FNDA:1,(anonymous_0)
FNDA:1,TaskAPI
FNDA:6,(anonymous_2)
FNDA:10,(anonymous_3)
DA:1,1
DA:6,1
DA:8,1
DA:10,1
DA:11,6
DA:12,1
DA:14,6
DA:16,1
DA:17,10
DA:29,10
DA:31,1
LF:11
LH:11
BRDA:11,0,0,1
BRDA:11,0,1,5
BRDA:17,1,0,10
BRDA:17,1,1,10
BRF:4
BRH:4
end_of_record
TN:
SF:/Users/vincent/Documents/Vincent/TypeScript/todo-core/src/Interface/Repository/TaskListRepository.ts
FN:10,(anonymous_0)
FN:12,(anonymous_2)
FN:13,(anonymous_3)
FN:16,(anonymous_4)
FN:20,(anonymous_5)
FN:21,(anonymous_6)
FN:26,(anonymous_7)
FN:27,(anonymous_8)
FNF:8
FNH:8
FNDA:7,(anonymous_0)
FNDA:2,(anonymous_2)
FNDA:2,(anonymous_3)
FNDA:9,(anonymous_4)
FNDA:2,(anonymous_5)
FNDA:2,(anonymous_6)
FNDA:2,(anonymous_7)
FNDA:2,(anonymous_8)
DA:10,1
DA:11,6
DA:12,1
DA:13,2
DA:14,2
DA:16,1
DA:17,9
DA:18,9
DA:20,1
DA:21,2
DA:22,2
DA:23,1
DA:26,1
DA:27,2
DA:28,2
DA:29,1
DA:31,2
DA:33,1
LF:18
LH:18
BRDA:14,0,0,1
BRDA:14,0,1,1
BRDA:22,1,0,1
BRDA:22,1,1,1
BRDA:28,2,0,1
BRDA:28,2,1,1
BRF:6
BRH:6
end_of_record
TN:
SF:/Users/vincent/Documents/Vincent/TypeScript/todo-core/src/Interface/Repository/TaskRepository.ts
FN:18,(anonymous_0)
FN:19,(anonymous_2)
FNF:2
FNH:2
FNDA:7,(anonymous_0)
FNDA:10,(anonymous_2)
DA:1,1
DA:18,1
DA:19,1
DA:25,10
DA:27,3
DA:29,7
DA:32,1
LF:7
LH:7
BRDA:25,0,0,3
BRDA:25,0,1,7
BRF:2
BRH:2
end_of_record
TN:
SF:/Users/vincent/Documents/Vincent/TypeScript/todo-core/src/UseCases/ITaskListUsecase.ts
FN:13,(anonymous_0)
FN:15,TaskListUsecase
FN:16,(anonymous_2)
FN:19,(anonymous_3)
FN:22,(anonymous_4)
FN:25,(anonymous_5)
FNF:6
FNH:6
FNDA:1,(anonymous_0)
FNDA:6,TaskListUsecase
FNDA:2,(anonymous_2)
FNDA:2,(anonymous_3)
FNDA:9,(anonymous_4)
FNDA:2,(anonymous_5)
DA:13,1
DA:15,6
DA:16,1
DA:17,2
DA:19,1
DA:20,2
DA:22,1
DA:23,9
DA:25,1
DA:26,2
DA:28,1
LF:11
LH:11
BRF:0
BRH:0
end_of_record
TN:
SF:/Users/vincent/Documents/Vincent/TypeScript/todo-core/src/UseCases/ITaskUsecase.ts
FN:14,(anonymous_0)
FN:16,TaskUsecase
FN:17,(anonymous_2)
FNF:3
FNH:3
FNDA:1,(anonymous_0)
FNDA:6,TaskUsecase
FNDA:10,(anonymous_2)
DA:14,1
DA:16,6
DA:17,1
DA:19,11
DA:20,19
DA:23,10
DA:24,10
DA:25,10
DA:27,1
LF:9
LH:9
BRDA:19,0,0,1
BRDA:19,0,1,9
BRDA:20,1,0,9
BRDA:20,1,1,1
BRDA:23,2,0,10
BRF:5
BRH:5
end_of_record
TN:
SF:/Users/vincent/Documents/Vincent/TypeScript/todo-core/src/core/Entities/ICustomer.ts
FN:23,(anonymous_0)
FN:27,TaskOwner
FNF:2
FNH:2
FNDA:2,(anonymous_0)
FNDA:3,TaskOwner
DA:23,2
DA:24,3
DA:25,3
DA:32,3
DA:33,3
DA:34,3
DA:36,2
LF:7
LH:7
BRDA:33,0,0,1
BRDA:33,0,1,2
BRDA:33,1,0,3
BRDA:33,1,1,3
BRDA:34,2,0,1
BRDA:34,2,1,2
BRDA:34,3,0,3
BRDA:34,3,1,3
BRF:8
BRH:8
end_of_record
TN:
SF:/Users/vincent/Documents/Vincent/TypeScript/todo-core/src/core/Entities/ITaskItem.ts
FN:53,(anonymous_0)
FN:61,(anonymous_1)
FN:66,Task
FN:75,(anonymous_3)
FN:83,(anonymous_4)
FN:91,(anonymous_5)
FN:94,PeriodTask
FN:104,(anonymous_7)
FN:109,(anonymous_9)
FN:113,(anonymous_11)
FN:116,(anonymous_12)
FN:119,(anonymous_13)
FNF:12
FNH:12
FNDA:2,(anonymous_0)
FNDA:2,(anonymous_1)
FNDA:15,Task
FNDA:2,(anonymous_3)
FNDA:2,(anonymous_4)
FNDA:2,(anonymous_5)
FNDA:15,PeriodTask
FNDA:9,(anonymous_7)
FNDA:10,(anonymous_9)
FNDA:1,(anonymous_11)
FNDA:1,(anonymous_12)
FNDA:1,(anonymous_13)
DA:53,2
DA:54,2
DA:55,2
DA:61,2
DA:62,15
DA:64,15
DA:67,15
DA:68,15
DA:69,15
DA:75,2
DA:76,2
DA:83,2
DA:84,2
DA:86,2
DA:91,2
DA:93,15
DA:97,18
DA:98,19
DA:100,15
DA:101,15
DA:103,2
DA:104,2
DA:108,2
DA:109,2
DA:113,2
DA:114,1
DA:116,2
DA:117,1
DA:119,2
DA:120,1
DA:122,2
LF:31
LH:31
BRDA:53,0,0,2
BRDA:53,0,1,2
BRDA:78,1,0,1
BRDA:78,1,1,1
BRDA:97,2,0,3
BRDA:97,2,1,12
BRDA:98,3,0,4
BRDA:98,3,1,11
BRDA:100,4,0,15
BRDA:100,4,1,15
BRF:10
BRH:10
end_of_record
