TN:
SF:/Users/vincent/Documents/Vincent/TypeScript/todo-core/src/Interface/Http/TaskAPI.ts
FN:9,(anonymous_0)
FN:10,(anonymous_1)
FN:16,(anonymous_2)
FNF:3
FNH:3
FNDA:2,(anonymous_0)
FNDA:7,(anonymous_1)
FNDA:10,(anonymous_2)
DA:1,2
DA:6,2
DA:8,2
DA:11,7
DA:12,2
DA:14,7
DA:17,10
DA:29,10
LF:8
LH:8
BRDA:11,0,0,2
BRDA:11,0,1,5
BRF:2
BRH:2
end_of_record
TN:
SF:/Users/vincent/Documents/Vincent/TypeScript/todo-core/src/Interface/Memory/TaskLiskRepository.ts
FN:9,(anonymous_0)
FN:5,(anonymous_1)
FN:12,(anonymous_2)
FN:13,(anonymous_3)
FN:16,(anonymous_4)
FN:20,(anonymous_5)
FN:21,(anonymous_6)
FN:27,(anonymous_7)
FN:28,(anonymous_8)
FN:34,(anonymous_9)
FN:37,(anonymous_10)
FNF:11
FNH:11
FNDA:15,(anonymous_0)
FNDA:1,(anonymous_1)
FNDA:2,(anonymous_2)
FNDA:2,(anonymous_3)
FNDA:9,(anonymous_4)
FNDA:2,(anonymous_5)
FNDA:2,(anonymous_6)
FNDA:2,(anonymous_7)
FNDA:2,(anonymous_8)
FNDA:1,(anonymous_9)
FNDA:11,(anonymous_10)
DA:3,2
DA:4,15
DA:7,1
DA:10,15
DA:13,2
DA:14,2
DA:17,9
DA:18,9
DA:21,2
DA:22,2
DA:23,1
DA:25,2
DA:28,2
DA:29,2
DA:30,1
DA:32,2
DA:35,1
DA:38,11
LF:18
LH:18
BRDA:9,0,0,14
BRDA:5,1,0,1
BRDA:14,2,0,1
BRDA:14,2,1,1
BRDA:22,3,0,1
BRDA:22,3,1,1
BRDA:29,4,0,1
BRDA:29,4,1,1
BRF:8
BRH:8
end_of_record
TN:
SF:/Users/vincent/Documents/Vincent/TypeScript/todo-core/src/Interface/Memory/TaskRepository.ts
FN:10,(anonymous_0)
FNF:1
FNH:1
FNDA:10,(anonymous_0)
DA:1,2
DA:9,2
DA:16,10
LF:3
LH:3
BRF:0
BRH:0
end_of_record
TN:
SF:/Users/vincent/Documents/Vincent/TypeScript/todo-core/src/Interface/Services/TaskTransfer.ts
FN:6,(anonymous_0)
FN:14,(anonymous_1)
FNF:2
FNH:1
FNDA:7,(anonymous_0)
FNDA:0,(anonymous_1)
DA:5,2
DA:6,7
DA:16,0
DA:18,0
DA:20,0
DA:21,0
LF:6
LH:2
BRDA:18,0,0,0
BRDA:18,0,1,0
BRF:2
BRH:0
end_of_record
TN:
SF:/Users/vincent/Documents/Vincent/TypeScript/todo-core/src/UseCases/ITaskListUsecase.ts
FN:15,(anonymous_0)
FN:16,(anonymous_1)
FN:19,(anonymous_2)
FN:22,(anonymous_3)
FN:25,(anonymous_4)
FNF:5
FNH:5
FNDA:7,(anonymous_0)
FNDA:2,(anonymous_1)
FNDA:2,(anonymous_2)
FNDA:9,(anonymous_3)
FNDA:2,(anonymous_4)
DA:13,1
DA:15,7
DA:17,2
DA:20,2
DA:23,9
DA:26,2
LF:6
LH:6
BRF:0
BRH:0
end_of_record
TN:
SF:/Users/vincent/Documents/Vincent/TypeScript/todo-core/src/UseCases/ITaskUsecase.ts
FN:20,(anonymous_0)
FN:23,(anonymous_1)
FN:36,(anonymous_2)
FNF:3
FNH:3
FNDA:7,(anonymous_0)
FNDA:10,(anonymous_1)
FNDA:7,(anonymous_2)
DA:2,2
DA:6,2
DA:7,2
DA:8,2
DA:19,2
DA:20,7
DA:29,10
DA:30,10
DA:31,10
DA:35,2
DA:37,7
LF:11
LH:11
BRDA:25,0,0,1
BRDA:26,1,0,9
BRF:2
BRH:2
end_of_record
TN:
SF:/Users/vincent/Documents/Vincent/TypeScript/todo-core/src/core/Entities/ICustomer.ts
FN:30,(anonymous_0)
FNF:1
FNH:1
FNDA:3,(anonymous_0)
DA:26,2
DA:27,3
DA:28,3
DA:35,3
DA:36,3
DA:37,3
LF:6
LH:6
BRDA:36,0,0,1
BRDA:36,0,1,2
BRDA:36,1,0,3
BRDA:36,1,1,3
BRDA:37,2,0,1
BRDA:37,2,1,2
BRDA:37,3,0,3
BRDA:37,3,1,3
BRF:8
BRH:8
end_of_record
TN:
SF:/Users/vincent/Documents/Vincent/TypeScript/todo-core/src/core/Entities/ITaskItem.ts
FN:56,(anonymous_0)
FN:69,(anonymous_1)
FN:77,(anonymous_2)
FN:85,(anonymous_3)
FN:98,(anonymous_4)
FN:110,(anonymous_5)
FN:133,(anonymous_6)
FN:136,(anonymous_7)
FN:139,(anonymous_8)
FNF:9
FNH:9
FNDA:2,(anonymous_0)
FNDA:15,(anonymous_1)
FNDA:2,(anonymous_2)
FNDA:2,(anonymous_3)
FNDA:15,(anonymous_4)
FNDA:10,(anonymous_5)
FNDA:1,(anonymous_6)
FNDA:1,(anonymous_7)
FNDA:1,(anonymous_8)
DA:2,2
DA:56,2
DA:57,2
DA:58,2
DA:64,2
DA:65,15
DA:67,15
DA:70,15
DA:71,15
DA:78,2
DA:86,2
DA:93,2
DA:97,15
DA:104,15
DA:105,15
DA:106,15
DA:109,2
DA:116,10
DA:118,3
DA:120,7
DA:124,2
DA:129,2
DA:134,1
DA:137,1
DA:140,1
LF:25
LH:25
BRDA:56,0,0,2
BRDA:56,0,1,2
BRDA:80,1,0,1
BRDA:80,1,1,1
BRDA:101,2,0,3
BRDA:102,3,0,4
BRDA:116,4,0,3
BRDA:116,4,1,7
BRF:8
BRH:8
end_of_record
TN:
SF:/Users/vincent/Documents/Vincent/TypeScript/todo-core/src/core/ValueObject/FinishDate.ts
FN:8,(anonymous_0)
FN:13,(anonymous_1)
FN:17,(anonymous_2)
FNF:3
FNH:2
FNDA:0,(anonymous_0)
FNDA:15,(anonymous_1)
FNDA:15,(anonymous_2)
DA:1,2
DA:7,2
DA:9,0
DA:14,15
DA:18,15
DA:20,0
DA:22,15
LF:7
LH:5
BRDA:18,0,0,0
BRDA:18,0,1,15
BRDA:18,1,0,15
BRDA:18,1,1,5
BRF:4
BRH:3
end_of_record
TN:
SF:/Users/vincent/Documents/Vincent/TypeScript/todo-core/src/shared/Entiry.ts
FN:3,(anonymous_0)
FN:6,(anonymous_1)
FN:11,(anonymous_2)
FN:21,(anonymous_3)
FN:29,(anonymous_4)
FNF:5
FNH:0
FNDA:0,(anonymous_0)
FNDA:0,(anonymous_1)
FNDA:0,(anonymous_2)
FNDA:0,(anonymous_3)
FNDA:0,(anonymous_4)
DA:1,0
DA:3,0
DA:4,0
DA:7,0
DA:11,0
DA:12,0
DA:15,0
DA:23,0
DA:24,0
DA:30,0
DA:31,0
DA:34,0
DA:35,0
DA:38,0
DA:39,0
DA:42,0
LF:16
LH:0
BRDA:4,0,0,0
BRDA:4,0,1,0
BRDA:4,1,0,0
BRDA:4,1,1,0
BRDA:23,2,0,0
BRDA:23,2,1,0
BRDA:30,3,0,0
BRDA:30,3,1,0
BRDA:30,4,0,0
BRDA:30,4,1,0
BRDA:34,5,0,0
BRDA:34,5,1,0
BRDA:38,6,0,0
BRDA:38,6,1,0
BRF:14
BRH:0
end_of_record
TN:
SF:/Users/vincent/Documents/Vincent/TypeScript/todo-core/src/shared/Result.ts
FN:7,(anonymous_0)
FN:30,(anonymous_1)
FN:41,(anonymous_2)
FN:45,(anonymous_3)
FN:49,(anonymous_4)
FN:53,(anonymous_5)
FN:66,(anonymous_6)
FN:70,(anonymous_7)
FN:74,(anonymous_8)
FN:82,(anonymous_9)
FN:86,(anonymous_10)
FN:90,(anonymous_11)
FN:95,(anonymous_12)
FN:99,(anonymous_13)
FNF:14
FNH:0
FNDA:0,(anonymous_0)
FNDA:0,(anonymous_1)
FNDA:0,(anonymous_2)
FNDA:0,(anonymous_3)
FNDA:0,(anonymous_4)
FNDA:0,(anonymous_5)
FNDA:0,(anonymous_6)
FNDA:0,(anonymous_7)
FNDA:0,(anonymous_8)
FNDA:0,(anonymous_9)
FNDA:0,(anonymous_10)
FNDA:0,(anonymous_11)
FNDA:0,(anonymous_12)
FNDA:0,(anonymous_13)
DA:1,0
DA:12,0
DA:13,0
DA:17,0
DA:18,0
DA:23,0
DA:24,0
DA:25,0
DA:26,0
DA:27,0
DA:31,0
DA:32,0
DA:33,0
DA:38,0
DA:42,0
DA:46,0
DA:50,0
DA:54,0
DA:55,0
DA:57,0
DA:63,0
DA:67,0
DA:71,0
DA:75,0
DA:79,0
DA:83,0
DA:87,0
DA:91,0
DA:95,0
DA:96,0
DA:99,0
DA:100,0
LF:32
LH:0
BRDA:9,0,0,0
BRDA:10,1,0,0
BRDA:12,2,0,0
BRDA:12,2,1,0
BRDA:12,3,0,0
BRDA:12,3,1,0
BRDA:17,4,0,0
BRDA:17,4,1,0
BRDA:17,5,0,0
BRDA:17,5,1,0
BRDA:25,6,0,0
BRDA:25,6,1,0
BRDA:26,7,0,0
BRDA:26,7,1,0
BRDA:31,8,0,0
BRDA:31,8,1,0
BRDA:55,9,0,0
BRDA:55,9,1,0
BRF:18
BRH:0
end_of_record
TN:
SF:/Users/vincent/Documents/Vincent/TypeScript/todo-core/src/shared/valueObject.ts
FN:15,(anonymous_0)
FN:19,(anonymous_1)
FNF:2
FNH:1
FNDA:15,(anonymous_0)
FNDA:0,(anonymous_1)
DA:1,2
DA:12,2
DA:16,15
DA:20,0
DA:21,0
DA:23,0
DA:24,0
DA:26,0
LF:8
LH:3
BRDA:20,0,0,0
BRDA:20,0,1,0
BRDA:20,1,0,0
BRDA:20,1,1,0
BRDA:23,2,0,0
BRDA:23,2,1,0
BRF:6
BRH:0
end_of_record
